\\UEAHOME4\STUSCI6\PPR13EPU\DATA\DOCUMENTS\VISUAL STUDIO 2012\PROJECTS\FUSTUART\FUSTUART\DEBUG\SOURCE.OBJ
\\UEAHOME4\STUSCI6\PPR13EPU\DATA\DOCUMENTS\VISUAL STUDIO 2012\PROJECTS\FUSTUART\FUSTUART\DEBUG\VC110.PDB
\\UEAHOME4\STUSCI6\PPR13EPU\DATA\DOCUMENTS\VISUAL STUDIO 2012\PROJECTS\FUSTUART\DEBUG\FUSTUART.ILK
\\UEAHOME4\STUSCI6\PPR13EPU\DATA\DOCUMENTS\VISUAL STUDIO 2012\PROJECTS\FUSTUART\DEBUG\FUSTUART.EXE
\\UEAHOME4\STUSCI6\PPR13EPU\DATA\DOCUMENTS\VISUAL STUDIO 2012\PROJECTS\FUSTUART\DEBUG\FUSTUART.PDB
\\ueahome4\stusci6\ppr13epu\data\documents\visual studio 2012\Projects\FUStuart\FUStuart\Debug\Source.obj
\\ueahome4\stusci6\ppr13epu\data\documents\visual studio 2012\Projects\FUStuart\FUStuart\Debug\CL.read.1.tlog
\\ueahome4\stusci6\ppr13epu\data\documents\visual studio 2012\Projects\FUStuart\FUStuart\Debug\CL.write.1.tlog
\\ueahome4\stusci6\ppr13epu\data\documents\visual studio 2012\Projects\FUStuart\FUStuart\Debug\cl.command.1.tlog
\\ueahome4\stusci6\ppr13epu\data\documents\visual studio 2012\Projects\FUStuart\FUStuart\Debug\link.read.1.tlog
\\ueahome4\stusci6\ppr13epu\data\documents\visual studio 2012\Projects\FUStuart\FUStuart\Debug\link.write.1.tlog
\\ueahome4\stusci6\ppr13epu\data\documents\visual studio 2012\Projects\FUStuart\FUStuart\Debug\link.command.1.tlog
\\ueahome4\stusci6\ppr13epu\data\documents\visual studio 2012\Projects\FUStuart\FUStuart\Debug\link-rc.read.1.tlog
\\ueahome4\stusci6\ppr13epu\data\documents\visual studio 2012\Projects\FUStuart\FUStuart\Debug\link-rc.write.1.tlog
\\ueahome4\stusci6\ppr13epu\data\documents\visual studio 2012\Projects\FUStuart\FUStuart\Debug\link-cvtres.read.1.tlog
\\ueahome4\stusci6\ppr13epu\data\documents\visual studio 2012\Projects\FUStuart\FUStuart\Debug\link-cvtres.write.1.tlog
\\ueahome4\stusci6\ppr13epu\data\documents\visual studio 2012\Projects\FUStuart\FUStuart\Debug\link.4780-rc.read.1.tlog
\\ueahome4\stusci6\ppr13epu\data\documents\visual studio 2012\Projects\FUStuart\FUStuart\Debug\link.4780-rc.write.1.tlog
\\ueahome4\stusci6\ppr13epu\data\documents\visual studio 2012\Projects\FUStuart\FUStuart\Debug\link.4780-cvtres.read.1.tlog
\\ueahome4\stusci6\ppr13epu\data\documents\visual studio 2012\Projects\FUStuart\FUStuart\Debug\link.4780-cvtres.write.1.tlog
\\ueahome4\stusci6\ppr13epu\data\documents\visual studio 2012\Projects\FUStuart\FUStuart\Debug\link.4780.read.1.tlog
\\ueahome4\stusci6\ppr13epu\data\documents\visual studio 2012\Projects\FUStuart\FUStuart\Debug\link.4780.write.1.tlog
\\ueahome4\stusci6\ppr13epu\data\documents\visual studio 2012\Projects\FUStuart\FUStuart\Debug\link.4088-rc.read.1.tlog
\\ueahome4\stusci6\ppr13epu\data\documents\visual studio 2012\Projects\FUStuart\FUStuart\Debug\link.4088-rc.write.1.tlog
\\ueahome4\stusci6\ppr13epu\data\documents\visual studio 2012\Projects\FUStuart\FUStuart\Debug\link.4088-cvtres.read.1.tlog
\\ueahome4\stusci6\ppr13epu\data\documents\visual studio 2012\Projects\FUStuart\FUStuart\Debug\link.4088-cvtres.write.1.tlog
\\ueahome4\stusci6\ppr13epu\data\documents\visual studio 2012\Projects\FUStuart\FUStuart\Debug\link.4088.read.1.tlog
\\ueahome4\stusci6\ppr13epu\data\documents\visual studio 2012\Projects\FUStuart\FUStuart\Debug\link.4088.write.1.tlog
\\ueahome4\stusci6\ppr13epu\data\documents\visual studio 2012\Projects\FUStuart\FUStuart\Debug\link.4224-rc.read.1.tlog
\\ueahome4\stusci6\ppr13epu\data\documents\visual studio 2012\Projects\FUStuart\FUStuart\Debug\link.4224-rc.write.1.tlog
\\ueahome4\stusci6\ppr13epu\data\documents\visual studio 2012\Projects\FUStuart\FUStuart\Debug\link.4224-cvtres.read.1.tlog
\\ueahome4\stusci6\ppr13epu\data\documents\visual studio 2012\Projects\FUStuart\FUStuart\Debug\link.4224-cvtres.write.1.tlog
\\ueahome4\stusci6\ppr13epu\data\documents\visual studio 2012\Projects\FUStuart\FUStuart\Debug\link.4224.read.1.tlog
\\ueahome4\stusci6\ppr13epu\data\documents\visual studio 2012\Projects\FUStuart\FUStuart\Debug\link.4224.write.1.tlog
\\ueahome4\stusci6\ppr13epu\data\documents\visual studio 2012\Projects\FUStuart\FUStuart\Debug\link.712-rc.read.1.tlog
\\ueahome4\stusci6\ppr13epu\data\documents\visual studio 2012\Projects\FUStuart\FUStuart\Debug\link.712-rc.write.1.tlog
\\ueahome4\stusci6\ppr13epu\data\documents\visual studio 2012\Projects\FUStuart\FUStuart\Debug\link.712-cvtres.read.1.tlog
\\ueahome4\stusci6\ppr13epu\data\documents\visual studio 2012\Projects\FUStuart\FUStuart\Debug\link.712-cvtres.write.1.tlog
\\ueahome4\stusci6\ppr13epu\data\documents\visual studio 2012\Projects\FUStuart\FUStuart\Debug\link.712.read.1.tlog
\\ueahome4\stusci6\ppr13epu\data\documents\visual studio 2012\Projects\FUStuart\FUStuart\Debug\link.712.write.1.tlog
\\ueahome4\stusci6\ppr13epu\data\documents\visual studio 2012\Projects\FUStuart\FUStuart\Debug\link.3524-rc.read.1.tlog
\\ueahome4\stusci6\ppr13epu\data\documents\visual studio 2012\Projects\FUStuart\FUStuart\Debug\link.3524-rc.write.1.tlog
\\ueahome4\stusci6\ppr13epu\data\documents\visual studio 2012\Projects\FUStuart\FUStuart\Debug\link.3524-cvtres.read.1.tlog
\\ueahome4\stusci6\ppr13epu\data\documents\visual studio 2012\Projects\FUStuart\FUStuart\Debug\link.3524-cvtres.write.1.tlog
\\ueahome4\stusci6\ppr13epu\data\documents\visual studio 2012\Projects\FUStuart\FUStuart\Debug\link.3524.read.1.tlog
\\ueahome4\stusci6\ppr13epu\data\documents\visual studio 2012\Projects\FUStuart\FUStuart\Debug\link.3524.write.1.tlog
\\ueahome4\stusci6\ppr13epu\data\documents\visual studio 2012\Projects\FUStuart\FUStuart\Debug\link.4156-rc.read.1.tlog
\\ueahome4\stusci6\ppr13epu\data\documents\visual studio 2012\Projects\FUStuart\FUStuart\Debug\link.4156-rc.write.1.tlog
\\ueahome4\stusci6\ppr13epu\data\documents\visual studio 2012\Projects\FUStuart\FUStuart\Debug\link.4156-cvtres.read.1.tlog
\\ueahome4\stusci6\ppr13epu\data\documents\visual studio 2012\Projects\FUStuart\FUStuart\Debug\link.4156-cvtres.write.1.tlog
\\ueahome4\stusci6\ppr13epu\data\documents\visual studio 2012\Projects\FUStuart\FUStuart\Debug\link.4156.read.1.tlog
\\ueahome4\stusci6\ppr13epu\data\documents\visual studio 2012\Projects\FUStuart\FUStuart\Debug\link.4156.write.1.tlog
\\ueahome4\stusci6\ppr13epu\data\documents\visual studio 2012\Projects\FUStuart\FUStuart\Debug\vc110.idb
\\ueahome4\stusci6\ppr13epu\data\documents\visual studio 2012\Projects\FUStuart\FUStuart\Debug\vc110.pdb
\\ueahome4\stusci6\ppr13epu\data\documents\visual studio 2012\Projects\FUStuart\Debug\FUStuart.pdb
\\ueahome4\stusci6\ppr13epu\data\documents\visual studio 2012\Projects\FUStuart\Debug\FUStuart.exe
\\ueahome4\stusci6\ppr13epu\data\documents\visual studio 2012\Projects\FUStuart\Debug\FUStuart.ilk
